<?xml version="1.0" encoding="UTF-8"?>
<testng-results ignored="0" total="1" passed="1" failed="0" skipped="0">
  <reporter-output>
  </reporter-output>
  <suite started-at="2020-08-27T23:41:17 EDT" name="Default suite" finished-at="2020-08-27T23:41:20 EDT" duration-ms="2575">
    <groups>
    </groups>
    <test started-at="2020-08-27T23:41:17 EDT" name="Default test" finished-at="2020-08-27T23:41:20 EDT" duration-ms="2575">
      <class name="com.edisolutions.automation.CreateUserTest">
        <test-method signature="createUser()[pri:0, instance:com.edisolutions.automation.CreateUserTest@3c72f59f]" started-at="2020-08-27T23:41:17 EDT" name="createUser" finished-at="2020-08-27T23:41:19 EDT" duration-ms="2530" status="PASS">
          <reporter-output>
          </reporter-output>
        </test-method> <!-- createUser -->
      </class> <!-- com.edisolutions.automation.CreateUserTest -->
    </test> <!-- Default test -->
  </suite> <!-- Default suite -->
</testng-results>
